{"/Users/ashirogi/Documents/Others/qantas/qantas-demo/src/App.tsx": {"path":"/Users/ashirogi/Documents/Others/qantas/qantas-demo/src/App.tsx","statementMap":{"0":{"start":{"line":1,"column":0},"end":{"line":1,"column":44}},"1":{"start":{"line":2,"column":0},"end":{"line":2,"column":80}},"2":{"start":{"line":3,"column":0},"end":{"line":3,"column":50}},"3":{"start":{"line":4,"column":0},"end":{"line":4,"column":39}},"4":{"start":{"line":7,"column":37},"end":{"line":7,"column":63}},"5":{"start":{"line":8,"column":45},"end":{"line":8,"column":70}},"6":{"start":{"line":9,"column":1},"end":{"line":33,"column":8}},"7":{"start":{"line":10,"column":26},"end":{"line":10,"column":47}},"8":{"start":{"line":11,"column":26},"end":{"line":27,"column":3}},"9":{"start":{"line":12,"column":3},"end":{"line":26,"column":4}},"10":{"start":{"line":13,"column":4},"end":{"line":13,"column":42}},"11":{"start":{"line":14,"column":21},"end":{"line":16,"column":6}},"12":{"start":{"line":17,"column":31},"end":{"line":17,"column":52}},"13":{"start":{"line":18,"column":4},"end":{"line":18,"column":32}},"14":{"start":{"line":19,"column":4},"end":{"line":19,"column":30}},"15":{"start":{"line":20,"column":4},"end":{"line":20,"column":42}},"16":{"start":{"line":22,"column":4},"end":{"line":24,"column":5}},"17":{"start":{"line":23,"column":5},"end":{"line":23,"column":12}},"18":{"start":{"line":25,"column":4},"end":{"line":25,"column":40}},"19":{"start":{"line":28,"column":2},"end":{"line":28,"column":20}},"20":{"start":{"line":30,"column":2},"end":{"line":32,"column":4}},"21":{"start":{"line":31,"column":3},"end":{"line":31,"column":27}},"22":{"start":{"line":35,"column":24},"end":{"line":61,"column":2}},"23":{"start":{"line":36,"column":27},"end":{"line":46,"column":3}},"24":{"start":{"line":37,"column":23},"end":{"line":37,"column":46}},"25":{"start":{"line":39,"column":3},"end":{"line":45,"column":5}},"26":{"start":{"line":47,"column":2},"end":{"line":60,"column":4}},"27":{"start":{"line":51,"column":5},"end":{"line":51,"column":null}},"28":{"start":{"line":62,"column":1},"end":{"line":81,"column":3}},"29":{"start":{"line":84,"column":0},"end":{"line":84,"column":19}}},"fnMap":{"0":{"name":"App","decl":{"start":{"line":6,"column":9},"end":{"line":6,"column":12}},"loc":{"start":{"line":6,"column":12},"end":{"line":82,"column":1}}},"1":{"name":"(anonymous_2)","decl":{"start":{"line":9,"column":11},"end":{"line":9,"column":14}},"loc":{"start":{"line":9,"column":16},"end":{"line":33,"column":2}}},"2":{"name":"(anonymous_3)","decl":{"start":{"line":11,"column":26},"end":{"line":11,"column":31}},"loc":{"start":{"line":11,"column":37},"end":{"line":27,"column":3}}},"3":{"name":"(anonymous_4)","decl":{"start":{"line":30,"column":9},"end":{"line":30,"column":12}},"loc":{"start":{"line":30,"column":14},"end":{"line":32,"column":3}}},"4":{"name":"(anonymous_5)","decl":{"start":{"line":35,"column":24},"end":{"line":35,"column":27}},"loc":{"start":{"line":35,"column":29},"end":{"line":61,"column":2}}},"5":{"name":"(anonymous_6)","decl":{"start":{"line":36,"column":27},"end":{"line":36,"column":30}},"loc":{"start":{"line":36,"column":32},"end":{"line":46,"column":3}}},"6":{"name":"(anonymous_7)","decl":{"start":{"line":50,"column":21},"end":{"line":50,"column":22}},"loc":{"start":{"line":51,"column":5},"end":{"line":51,"column":null}}}},"branchMap":{"0":{"loc":{"start":{"line":22,"column":4},"end":{"line":24,"column":5}},"type":"if","locations":[{"start":{"line":22,"column":4},"end":{"line":24,"column":5}}]},"1":{"loc":{"start":{"line":22,"column":8},"end":{"line":22,"column":61}},"type":"binary-expr","locations":[{"start":{"line":22,"column":8},"end":{"line":22,"column":30}},{"start":{"line":22,"column":34},"end":{"line":22,"column":61}}]},"2":{"loc":{"start":{"line":37,"column":23},"end":{"line":37,"column":46}},"type":"binary-expr","locations":[{"start":{"line":37,"column":23},"end":{"line":37,"column":41}},{"start":{"line":37,"column":45},"end":{"line":37,"column":46}}]},"3":{"loc":{"start":{"line":39,"column":10},"end":{"line":44,"column":null}},"type":"cond-expr","locations":[{"start":{"line":40,"column":4},"end":{"line":41,"column":null}},{"start":{"line":44,"column":4},"end":{"line":44,"column":6}}]},"4":{"loc":{"start":{"line":41,"column":25},"end":{"line":41,"column":51}},"type":"cond-expr","locations":[{"start":{"line":41,"column":43},"end":{"line":41,"column":46}},{"start":{"line":41,"column":49},"end":{"line":41,"column":51}}]},"5":{"loc":{"start":{"line":69,"column":6},"end":{"line":70,"column":null}},"type":"binary-expr","locations":[{"start":{"line":69,"column":6},"end":{"line":69,"column":43}},{"start":{"line":70,"column":6},"end":{"line":70,"column":55}}]},"6":{"loc":{"start":{"line":72,"column":6},"end":{"line":73,"column":null}},"type":"binary-expr","locations":[{"start":{"line":72,"column":6},"end":{"line":72,"column":41}},{"start":{"line":73,"column":6},"end":{"line":73,"column":61}}]},"7":{"loc":{"start":{"line":75,"column":6},"end":{"line":76,"column":null}},"type":"binary-expr","locations":[{"start":{"line":75,"column":6},"end":{"line":75,"column":43}},{"start":{"line":76,"column":6},"end":{"line":76,"column":63}}]}},"s":{"0":1,"1":1,"2":1,"3":1,"4":13,"5":13,"6":13,"7":5,"8":5,"9":5,"10":5,"11":5,"12":4,"13":2,"14":2,"15":2,"16":3,"17":0,"18":3,"19":5,"20":5,"21":5,"22":13,"23":2,"24":2,"25":2,"26":2,"27":3,"28":13,"29":1},"f":{"0":13,"1":5,"2":5,"3":5,"4":2,"5":2,"6":3},"b":{"0":[0],"1":[3,3],"2":[2,0],"3":[2,0],"4":[1,1],"5":[13,5],"6":[13,1],"7":[13,2]}}
,"/Users/ashirogi/Documents/Others/qantas/qantas-demo/src/components/Price.tsx": {"path":"/Users/ashirogi/Documents/Others/qantas/qantas-demo/src/components/Price.tsx","statementMap":{"0":{"start":{"line":11,"column":30},"end":{"line":11,"column":42}},"1":{"start":{"line":12,"column":22},"end":{"line":12,"column":77}},"2":{"start":{"line":13,"column":24},"end":{"line":13,"column":41}},"3":{"start":{"line":14,"column":1},"end":{"line":22,"column":3}},"4":{"start":{"line":25,"column":0},"end":{"line":25,"column":21}}},"fnMap":{"0":{"name":"Price","decl":{"start":{"line":10,"column":9},"end":{"line":10,"column":14}},"loc":{"start":{"line":10,"column":43},"end":{"line":23,"column":1}}}},"branchMap":{"0":{"loc":{"start":{"line":12,"column":22},"end":{"line":12,"column":77}},"type":"cond-expr","locations":[{"start":{"line":12,"column":63},"end":{"line":12,"column":66}},{"start":{"line":12,"column":69},"end":{"line":12,"column":77}}]},"1":{"loc":{"start":{"line":18,"column":5},"end":{"line":18,"column":63}},"type":"cond-expr","locations":[{"start":{"line":18,"column":33},"end":{"line":18,"column":58}},{"start":{"line":18,"column":61},"end":{"line":18,"column":63}}]},"2":{"loc":{"start":{"line":19,"column":22},"end":{"line":19,"column":63}},"type":"cond-expr","locations":[{"start":{"line":19,"column":50},"end":{"line":19,"column":58}},{"start":{"line":19,"column":61},"end":{"line":19,"column":63}}]}},"s":{"0":9,"1":9,"2":9,"3":9,"4":1},"f":{"0":9},"b":{"0":[7,2],"1":[7,2],"2":[2,7]}}
,"/Users/ashirogi/Documents/Others/qantas/qantas-demo/src/components/Preview/Image.tsx": {"path":"/Users/ashirogi/Documents/Others/qantas/qantas-demo/src/components/Preview/Image.tsx","statementMap":{"0":{"start":{"line":4,"column":1},"end":{"line":13,"column":3}},"1":{"start":{"line":16,"column":0},"end":{"line":16,"column":21}}},"fnMap":{"0":{"name":"Image","decl":{"start":{"line":3,"column":9},"end":{"line":3,"column":14}},"loc":{"start":{"line":3,"column":55},"end":{"line":14,"column":1}}}},"branchMap":{},"s":{"0":5,"1":1},"f":{"0":5},"b":{}}
,"/Users/ashirogi/Documents/Others/qantas/qantas-demo/src/components/Preview/Promotion.tsx": {"path":"/Users/ashirogi/Documents/Others/qantas/qantas-demo/src/components/Preview/Promotion.tsx","statementMap":{"0":{"start":{"line":4,"column":1},"end":{"line":8,"column":3}},"1":{"start":{"line":11,"column":0},"end":{"line":11,"column":25}}},"fnMap":{"0":{"name":"Promotion","decl":{"start":{"line":3,"column":9},"end":{"line":3,"column":18}},"loc":{"start":{"line":3,"column":54},"end":{"line":9,"column":1}}}},"branchMap":{},"s":{"0":5,"1":1},"f":{"0":5},"b":{}}
,"/Users/ashirogi/Documents/Others/qantas/qantas-demo/src/components/Preview/index.tsx": {"path":"/Users/ashirogi/Documents/Others/qantas/qantas-demo/src/components/Preview/index.tsx","statementMap":{"0":{"start":{"line":2,"column":0},"end":{"line":2,"column":28}},"1":{"start":{"line":3,"column":0},"end":{"line":3,"column":36}},"2":{"start":{"line":9,"column":1},"end":{"line":14,"column":3}},"3":{"start":{"line":17,"column":0},"end":{"line":17,"column":30}}},"fnMap":{"0":{"name":"ListingPreview","decl":{"start":{"line":5,"column":9},"end":{"line":5,"column":23}},"loc":{"start":{"line":8,"column":77},"end":{"line":15,"column":1}}}},"branchMap":{},"s":{"0":1,"1":1,"2":5,"3":1},"f":{"0":5},"b":{}}
,"/Users/ashirogi/Documents/Others/qantas/qantas-demo/src/components/lib/types.ts": {"path":"/Users/ashirogi/Documents/Others/qantas/qantas-demo/src/components/lib/types.ts","statementMap":{"0":{"start":{"line":57,"column":0},"end":{"line":57,"column":null}},"1":{"start":{"line":58,"column":1},"end":{"line":58,"column":null}},"2":{"start":{"line":59,"column":1},"end":{"line":59,"column":null}},"3":{"start":{"line":60,"column":1},"end":{"line":60,"column":null}},"4":{"start":{"line":61,"column":1},"end":{"line":61,"column":null}}},"fnMap":{"0":{"name":"(anonymous_0)","decl":{"start":{"line":57,"column":0},"end":{"line":57,"column":12}},"loc":{"start":{"line":57,"column":22},"end":{"line":62,"column":1}}}},"branchMap":{"0":{"loc":{"start":{"line":57,"column":12},"end":{"line":57,"column":null}},"type":"binary-expr","locations":[{"start":{"line":57,"column":12},"end":{"line":57,"column":22}},{"start":{"line":57,"column":22},"end":{"line":57,"column":null}}]}},"s":{"0":1,"1":1,"2":1,"3":1,"4":1},"f":{"0":1},"b":{"0":[1,1]}}
}
