TN:
SF:src/App.tsx
FN:6,App
FN:9,(anonymous_2)
FN:11,(anonymous_3)
FN:30,(anonymous_4)
FN:35,(anonymous_5)
FN:36,(anonymous_6)
FN:50,(anonymous_7)
FNF:7
FNH:7
FNDA:13,App
FNDA:5,(anonymous_2)
FNDA:5,(anonymous_3)
FNDA:5,(anonymous_4)
FNDA:2,(anonymous_5)
FNDA:2,(anonymous_6)
FNDA:3,(anonymous_7)
DA:1,1
DA:2,1
DA:3,1
DA:4,1
DA:7,13
DA:8,13
DA:9,13
DA:10,5
DA:11,5
DA:12,5
DA:13,5
DA:14,5
DA:17,4
DA:18,2
DA:19,2
DA:20,2
DA:22,3
DA:23,0
DA:25,3
DA:28,5
DA:30,5
DA:31,5
DA:35,13
DA:36,2
DA:37,2
DA:39,2
DA:47,2
DA:51,3
DA:62,13
DA:84,1
LF:30
LH:29
BRDA:22,0,0,0
BRDA:22,1,0,3
BRDA:22,1,1,3
BRDA:37,2,0,2
BRDA:37,2,1,0
BRDA:39,3,0,2
BRDA:39,3,1,0
BRDA:41,4,0,1
BRDA:41,4,1,1
BRDA:69,5,0,13
BRDA:69,5,1,5
BRDA:72,6,0,13
BRDA:72,6,1,1
BRDA:75,7,0,13
BRDA:75,7,1,2
BRF:15
BRH:12
end_of_record
TN:
SF:src/components/Price.tsx
FN:10,Price
FNF:1
FNH:1
FNDA:9,Price
DA:11,9
DA:12,9
DA:13,9
DA:14,9
DA:25,1
LF:5
LH:5
BRDA:12,0,0,7
BRDA:12,0,1,2
BRDA:18,1,0,7
BRDA:18,1,1,2
BRDA:19,2,0,2
BRDA:19,2,1,7
BRF:6
BRH:6
end_of_record
TN:
SF:src/components/Preview/Image.tsx
FN:3,Image
FNF:1
FNH:1
FNDA:5,Image
DA:4,5
DA:16,1
LF:2
LH:2
BRF:0
BRH:0
end_of_record
TN:
SF:src/components/Preview/Promotion.tsx
FN:3,Promotion
FNF:1
FNH:1
FNDA:5,Promotion
DA:4,5
DA:11,1
LF:2
LH:2
BRF:0
BRH:0
end_of_record
TN:
SF:src/components/Preview/index.tsx
FN:5,ListingPreview
FNF:1
FNH:1
FNDA:5,ListingPreview
DA:2,1
DA:3,1
DA:9,5
DA:17,1
LF:4
LH:4
BRF:0
BRH:0
end_of_record
TN:
SF:src/components/lib/types.ts
FN:57,(anonymous_0)
FNF:1
FNH:1
FNDA:1,(anonymous_0)
DA:57,1
DA:58,1
DA:59,1
DA:60,1
DA:61,1
LF:5
LH:5
BRDA:57,0,0,1
BRDA:57,0,1,1
BRF:2
BRH:2
end_of_record
